[2023-12-19T11:11:11.986227+00:00] errors.ERROR: Uncaught Exception Error: "Class "Pdf" not found" at /var/www/html/index.php line 16 {"exception":"[object] (Error(code: 0): Class \"Pdf\" not found at /var/www/html/index.php:16)"} []
[2023-12-19T11:11:11.986227+00:00] errors.ERROR: Uncaught Exception Error: "Class "Pdf" not found" at /var/www/html/index.php line 16 {"exception":"[object] (Error(code: 0): Class \"Pdf\" not found at /var/www/html/index.php:16)"} []
[2023-12-19T11:11:11.989311+00:00] errors.ERROR: Uncaught Exception Error: "Class "Pdf" not found" at /var/www/html/index.php line 16 {"exception":"[object] (Error(code: 0): Class \"Pdf\" not found at /var/www/html/index.php:16)"} []
[2023-12-19T11:11:11.989311+00:00] errors.ERROR: Uncaught Exception Error: "Class "Pdf" not found" at /var/www/html/index.php line 16 {"exception":"[object] (Error(code: 0): Class \"Pdf\" not found at /var/www/html/index.php:16)"} []
[2023-12-19T11:15:00.917012+00:00] errors.ERROR: Uncaught Exception Error: "Call to a member function __toString() on bool" at /var/www/html/index.php line 26 {"exception":"[object] (Error(code: 0): Call to a member function __toString() on bool at /var/www/html/index.php:26)"} []
[2023-12-19T11:15:00.917012+00:00] errors.ERROR: Uncaught Exception Error: "Call to a member function __toString() on bool" at /var/www/html/index.php line 26 {"exception":"[object] (Error(code: 0): Call to a member function __toString() on bool at /var/www/html/index.php:26)"} []
[2023-12-19T11:15:00.920406+00:00] errors.ERROR: Uncaught Exception Error: "Call to a member function __toString() on bool" at /var/www/html/index.php line 26 {"exception":"[object] (Error(code: 0): Call to a member function __toString() on bool at /var/www/html/index.php:26)"} []
[2023-12-19T11:15:00.920406+00:00] errors.ERROR: Uncaught Exception Error: "Call to a member function __toString() on bool" at /var/www/html/index.php line 26 {"exception":"[object] (Error(code: 0): Call to a member function __toString() on bool at /var/www/html/index.php:26)"} []
[2023-12-19T11:27:14.559580+00:00] errors.WARNING: E_WARNING: Undefined variable $error {"code":2,"message":"Undefined variable $error","file":"/var/www/html/index.php","line":25} []
[2023-12-19T11:27:14.559580+00:00] errors.WARNING: E_WARNING: Undefined variable $error {"code":2,"message":"Undefined variable $error","file":"/var/www/html/index.php","line":25} []
[2023-12-19T11:27:14.562378+00:00] errors.WARNING: E_WARNING: Undefined variable $error {"code":2,"message":"Undefined variable $error","file":"/var/www/html/index.php","line":25} []
[2023-12-19T11:27:14.562378+00:00] errors.WARNING: E_WARNING: Undefined variable $error {"code":2,"message":"Undefined variable $error","file":"/var/www/html/index.php","line":25} []
[2023-12-19T11:27:58.608298+00:00] errors.WARNING: E_WARNING: Undefined variable $error {"code":2,"message":"Undefined variable $error","file":"/var/www/html/index.php","line":25} []
[2023-12-19T11:27:58.608298+00:00] errors.WARNING: E_WARNING: Undefined variable $error {"code":2,"message":"Undefined variable $error","file":"/var/www/html/index.php","line":25} []
[2023-12-19T12:31:31.242759+00:00] errors.WARNING: E_WARNING: Undefined variable $error {"code":2,"message":"Undefined variable $error","file":"/var/www/html/index.php","line":25} []
[2023-12-19T12:31:31.242759+00:00] errors.WARNING: E_WARNING: Undefined variable $error {"code":2,"message":"Undefined variable $error","file":"/var/www/html/index.php","line":25} []
[2023-12-19T12:31:31.764194+00:00] errors.WARNING: E_WARNING: Undefined variable $error {"code":2,"message":"Undefined variable $error","file":"/var/www/html/index.php","line":25} []
[2023-12-19T12:31:31.764194+00:00] errors.WARNING: E_WARNING: Undefined variable $error {"code":2,"message":"Undefined variable $error","file":"/var/www/html/index.php","line":25} []
[2023-12-19T12:33:04.435297+00:00] errors.WARNING: E_WARNING: Undefined variable $error {"code":2,"message":"Undefined variable $error","file":"/var/www/html/index.php","line":25} []
[2023-12-19T12:33:04.435297+00:00] errors.WARNING: E_WARNING: Undefined variable $error {"code":2,"message":"Undefined variable $error","file":"/var/www/html/index.php","line":25} []
[2023-12-19T12:42:47.403025+00:00] errors.WARNING: E_WARNING: Undefined variable $arr {"code":2,"message":"Undefined variable $arr","file":"/var/www/html/index.php","line":24} []
[2023-12-19T12:42:47.403025+00:00] errors.WARNING: E_WARNING: Undefined variable $arr {"code":2,"message":"Undefined variable $arr","file":"/var/www/html/index.php","line":24} []
[2023-12-19T12:42:47.406267+00:00] errors.WARNING: E_WARNING: Undefined variable $error {"code":2,"message":"Undefined variable $error","file":"/var/www/html/index.php","line":25} []
[2023-12-19T12:42:47.406267+00:00] errors.WARNING: E_WARNING: Undefined variable $error {"code":2,"message":"Undefined variable $error","file":"/var/www/html/index.php","line":25} []
[2023-12-19T12:45:49.255534+00:00] errors.WARNING: E_WARNING: Undefined variable $data {"code":2,"message":"Undefined variable $data","file":"/var/www/html/index.php","line":19} []
[2023-12-19T12:45:49.255534+00:00] errors.WARNING: E_WARNING: Undefined variable $data {"code":2,"message":"Undefined variable $data","file":"/var/www/html/index.php","line":19} []
[2023-12-19T12:45:49.258548+00:00] errors.WARNING: E_WARNING: Undefined variable $data {"code":2,"message":"Undefined variable $data","file":"/var/www/html/index.php","line":20} []
[2023-12-19T12:45:49.258548+00:00] errors.WARNING: E_WARNING: Undefined variable $data {"code":2,"message":"Undefined variable $data","file":"/var/www/html/index.php","line":20} []
[2023-12-19T12:45:49.259571+00:00] errors.ERROR: Uncaught Exception Error: "Call to a member function __toArray() on null" at /var/www/html/index.php line 20 {"exception":"[object] (Error(code: 0): Call to a member function __toArray() on null at /var/www/html/index.php:20)"} []
[2023-12-19T12:45:49.259571+00:00] errors.ERROR: Uncaught Exception Error: "Call to a member function __toArray() on null" at /var/www/html/index.php line 20 {"exception":"[object] (Error(code: 0): Call to a member function __toArray() on null at /var/www/html/index.php:20)"} []
[2023-12-19T12:45:50.246911+00:00] errors.WARNING: E_WARNING: Undefined variable $data {"code":2,"message":"Undefined variable $data","file":"/var/www/html/index.php","line":19} []
[2023-12-19T12:45:50.246911+00:00] errors.WARNING: E_WARNING: Undefined variable $data {"code":2,"message":"Undefined variable $data","file":"/var/www/html/index.php","line":19} []
[2023-12-19T12:45:50.249685+00:00] errors.WARNING: E_WARNING: Undefined variable $data {"code":2,"message":"Undefined variable $data","file":"/var/www/html/index.php","line":20} []
[2023-12-19T12:45:50.249685+00:00] errors.WARNING: E_WARNING: Undefined variable $data {"code":2,"message":"Undefined variable $data","file":"/var/www/html/index.php","line":20} []
[2023-12-19T12:45:50.250559+00:00] errors.ERROR: Uncaught Exception Error: "Call to a member function __toArray() on null" at /var/www/html/index.php line 20 {"exception":"[object] (Error(code: 0): Call to a member function __toArray() on null at /var/www/html/index.php:20)"} []
[2023-12-19T12:45:50.250559+00:00] errors.ERROR: Uncaught Exception Error: "Call to a member function __toArray() on null" at /var/www/html/index.php line 20 {"exception":"[object] (Error(code: 0): Call to a member function __toArray() on null at /var/www/html/index.php:20)"} []
[2023-12-19T12:45:50.554118+00:00] errors.WARNING: E_WARNING: Undefined variable $data {"code":2,"message":"Undefined variable $data","file":"/var/www/html/index.php","line":19} []
[2023-12-19T12:45:50.554118+00:00] errors.WARNING: E_WARNING: Undefined variable $data {"code":2,"message":"Undefined variable $data","file":"/var/www/html/index.php","line":19} []
[2023-12-19T12:45:50.556985+00:00] errors.WARNING: E_WARNING: Undefined variable $data {"code":2,"message":"Undefined variable $data","file":"/var/www/html/index.php","line":20} []
[2023-12-19T12:45:50.556985+00:00] errors.WARNING: E_WARNING: Undefined variable $data {"code":2,"message":"Undefined variable $data","file":"/var/www/html/index.php","line":20} []
[2023-12-19T12:45:50.558301+00:00] errors.ERROR: Uncaught Exception Error: "Call to a member function __toArray() on null" at /var/www/html/index.php line 20 {"exception":"[object] (Error(code: 0): Call to a member function __toArray() on null at /var/www/html/index.php:20)"} []
[2023-12-19T12:45:50.558301+00:00] errors.ERROR: Uncaught Exception Error: "Call to a member function __toArray() on null" at /var/www/html/index.php line 20 {"exception":"[object] (Error(code: 0): Call to a member function __toArray() on null at /var/www/html/index.php:20)"} []
[2023-12-19T12:45:50.882358+00:00] errors.WARNING: E_WARNING: Undefined variable $data {"code":2,"message":"Undefined variable $data","file":"/var/www/html/index.php","line":19} []
[2023-12-19T12:45:50.882358+00:00] errors.WARNING: E_WARNING: Undefined variable $data {"code":2,"message":"Undefined variable $data","file":"/var/www/html/index.php","line":19} []
[2023-12-19T12:45:50.886099+00:00] errors.WARNING: E_WARNING: Undefined variable $data {"code":2,"message":"Undefined variable $data","file":"/var/www/html/index.php","line":20} []
[2023-12-19T12:45:50.886099+00:00] errors.WARNING: E_WARNING: Undefined variable $data {"code":2,"message":"Undefined variable $data","file":"/var/www/html/index.php","line":20} []
[2023-12-19T12:45:50.887305+00:00] errors.ERROR: Uncaught Exception Error: "Call to a member function __toArray() on null" at /var/www/html/index.php line 20 {"exception":"[object] (Error(code: 0): Call to a member function __toArray() on null at /var/www/html/index.php:20)"} []
[2023-12-19T12:45:50.887305+00:00] errors.ERROR: Uncaught Exception Error: "Call to a member function __toArray() on null" at /var/www/html/index.php line 20 {"exception":"[object] (Error(code: 0): Call to a member function __toArray() on null at /var/www/html/index.php:20)"} []
[2023-12-19T12:45:51.148930+00:00] errors.WARNING: E_WARNING: Undefined variable $data {"code":2,"message":"Undefined variable $data","file":"/var/www/html/index.php","line":19} []
[2023-12-19T12:45:51.148930+00:00] errors.WARNING: E_WARNING: Undefined variable $data {"code":2,"message":"Undefined variable $data","file":"/var/www/html/index.php","line":19} []
[2023-12-19T12:45:51.151940+00:00] errors.WARNING: E_WARNING: Undefined variable $data {"code":2,"message":"Undefined variable $data","file":"/var/www/html/index.php","line":20} []
[2023-12-19T12:45:51.151940+00:00] errors.WARNING: E_WARNING: Undefined variable $data {"code":2,"message":"Undefined variable $data","file":"/var/www/html/index.php","line":20} []
[2023-12-19T12:45:51.152785+00:00] errors.ERROR: Uncaught Exception Error: "Call to a member function __toArray() on null" at /var/www/html/index.php line 20 {"exception":"[object] (Error(code: 0): Call to a member function __toArray() on null at /var/www/html/index.php:20)"} []
[2023-12-19T12:45:51.152785+00:00] errors.ERROR: Uncaught Exception Error: "Call to a member function __toArray() on null" at /var/www/html/index.php line 20 {"exception":"[object] (Error(code: 0): Call to a member function __toArray() on null at /var/www/html/index.php:20)"} []
[2023-12-19T12:48:41.113328+00:00] errors.WARNING: E_WARNING: Undefined variable $data {"code":2,"message":"Undefined variable $data","file":"/var/www/html/index.php","line":19} []
[2023-12-19T12:48:41.113328+00:00] errors.WARNING: E_WARNING: Undefined variable $data {"code":2,"message":"Undefined variable $data","file":"/var/www/html/index.php","line":19} []
[2023-12-19T12:48:41.116317+00:00] errors.WARNING: E_WARNING: Undefined variable $data {"code":2,"message":"Undefined variable $data","file":"/var/www/html/index.php","line":20} []
[2023-12-19T12:48:41.116317+00:00] errors.WARNING: E_WARNING: Undefined variable $data {"code":2,"message":"Undefined variable $data","file":"/var/www/html/index.php","line":20} []
[2023-12-19T12:48:41.117019+00:00] errors.ERROR: Uncaught Exception Error: "Call to a member function __toArray() on null" at /var/www/html/index.php line 20 {"exception":"[object] (Error(code: 0): Call to a member function __toArray() on null at /var/www/html/index.php:20)"} []
[2023-12-19T12:48:41.117019+00:00] errors.ERROR: Uncaught Exception Error: "Call to a member function __toArray() on null" at /var/www/html/index.php line 20 {"exception":"[object] (Error(code: 0): Call to a member function __toArray() on null at /var/www/html/index.php:20)"} []
[2023-12-19T12:48:41.722226+00:00] errors.WARNING: E_WARNING: Undefined variable $data {"code":2,"message":"Undefined variable $data","file":"/var/www/html/index.php","line":19} []
[2023-12-19T12:48:41.722226+00:00] errors.WARNING: E_WARNING: Undefined variable $data {"code":2,"message":"Undefined variable $data","file":"/var/www/html/index.php","line":19} []
[2023-12-19T12:48:41.724836+00:00] errors.WARNING: E_WARNING: Undefined variable $data {"code":2,"message":"Undefined variable $data","file":"/var/www/html/index.php","line":20} []
[2023-12-19T12:48:41.724836+00:00] errors.WARNING: E_WARNING: Undefined variable $data {"code":2,"message":"Undefined variable $data","file":"/var/www/html/index.php","line":20} []
[2023-12-19T12:48:41.725605+00:00] errors.ERROR: Uncaught Exception Error: "Call to a member function __toArray() on null" at /var/www/html/index.php line 20 {"exception":"[object] (Error(code: 0): Call to a member function __toArray() on null at /var/www/html/index.php:20)"} []
[2023-12-19T12:48:41.725605+00:00] errors.ERROR: Uncaught Exception Error: "Call to a member function __toArray() on null" at /var/www/html/index.php line 20 {"exception":"[object] (Error(code: 0): Call to a member function __toArray() on null at /var/www/html/index.php:20)"} []
[2023-12-19T12:48:42.020526+00:00] errors.WARNING: E_WARNING: Undefined variable $data {"code":2,"message":"Undefined variable $data","file":"/var/www/html/index.php","line":19} []
[2023-12-19T12:48:42.020526+00:00] errors.WARNING: E_WARNING: Undefined variable $data {"code":2,"message":"Undefined variable $data","file":"/var/www/html/index.php","line":19} []
[2023-12-19T12:48:42.023578+00:00] errors.WARNING: E_WARNING: Undefined variable $data {"code":2,"message":"Undefined variable $data","file":"/var/www/html/index.php","line":20} []
[2023-12-19T12:48:42.023578+00:00] errors.WARNING: E_WARNING: Undefined variable $data {"code":2,"message":"Undefined variable $data","file":"/var/www/html/index.php","line":20} []
[2023-12-19T12:48:42.024379+00:00] errors.ERROR: Uncaught Exception Error: "Call to a member function __toArray() on null" at /var/www/html/index.php line 20 {"exception":"[object] (Error(code: 0): Call to a member function __toArray() on null at /var/www/html/index.php:20)"} []
[2023-12-19T12:48:42.024379+00:00] errors.ERROR: Uncaught Exception Error: "Call to a member function __toArray() on null" at /var/www/html/index.php line 20 {"exception":"[object] (Error(code: 0): Call to a member function __toArray() on null at /var/www/html/index.php:20)"} []
[2023-12-19T12:48:42.288358+00:00] errors.WARNING: E_WARNING: Undefined variable $data {"code":2,"message":"Undefined variable $data","file":"/var/www/html/index.php","line":19} []
[2023-12-19T12:48:42.288358+00:00] errors.WARNING: E_WARNING: Undefined variable $data {"code":2,"message":"Undefined variable $data","file":"/var/www/html/index.php","line":19} []
[2023-12-19T12:48:42.291375+00:00] errors.WARNING: E_WARNING: Undefined variable $data {"code":2,"message":"Undefined variable $data","file":"/var/www/html/index.php","line":20} []
[2023-12-19T12:48:42.291375+00:00] errors.WARNING: E_WARNING: Undefined variable $data {"code":2,"message":"Undefined variable $data","file":"/var/www/html/index.php","line":20} []
[2023-12-19T12:48:42.292317+00:00] errors.ERROR: Uncaught Exception Error: "Call to a member function __toArray() on null" at /var/www/html/index.php line 20 {"exception":"[object] (Error(code: 0): Call to a member function __toArray() on null at /var/www/html/index.php:20)"} []
[2023-12-19T12:48:42.292317+00:00] errors.ERROR: Uncaught Exception Error: "Call to a member function __toArray() on null" at /var/www/html/index.php line 20 {"exception":"[object] (Error(code: 0): Call to a member function __toArray() on null at /var/www/html/index.php:20)"} []
[2023-12-19T12:49:35.809522+00:00] errors.WARNING: E_WARNING: Undefined array key "Field1" {"code":2,"message":"Undefined array key \"Field1\"","file":"/var/www/html/index.php","line":22} []
[2023-12-19T12:49:35.809522+00:00] errors.WARNING: E_WARNING: Undefined array key "Field1" {"code":2,"message":"Undefined array key \"Field1\"","file":"/var/www/html/index.php","line":22} []
[2023-12-19T13:13:01.246900+00:00] errors.WARNING: E_WARNING: Undefined array key "Field1" {"code":2,"message":"Undefined array key \"Field1\"","file":"/var/www/html/index.php","line":23} []
[2023-12-19T13:13:01.246900+00:00] errors.WARNING: E_WARNING: Undefined array key "Field1" {"code":2,"message":"Undefined array key \"Field1\"","file":"/var/www/html/index.php","line":23} []
[2023-12-19T13:13:01.255120+00:00] errors.ERROR: Uncaught Exception Exception: "Operation was already executed" at /var/www/html/vendor/mikehaertl/php-pdftk/src/Command.php line 246 {"exception":"[object] (Exception(code: 0): Operation was already executed at /var/www/html/vendor/mikehaertl/php-pdftk/src/Command.php:246)"} []
[2023-12-19T13:13:01.255120+00:00] errors.ERROR: Uncaught Exception Exception: "Operation was already executed" at /var/www/html/vendor/mikehaertl/php-pdftk/src/Command.php line 246 {"exception":"[object] (Exception(code: 0): Operation was already executed at /var/www/html/vendor/mikehaertl/php-pdftk/src/Command.php:246)"} []
[2023-12-19T13:14:01.563737+00:00] errors.WARNING: E_WARNING: Undefined array key "Field1" {"code":2,"message":"Undefined array key \"Field1\"","file":"/var/www/html/index.php","line":23} []
[2023-12-19T13:14:01.563737+00:00] errors.WARNING: E_WARNING: Undefined array key "Field1" {"code":2,"message":"Undefined array key \"Field1\"","file":"/var/www/html/index.php","line":23} []
[2023-12-19T13:14:01.570088+00:00] errors.ERROR: Uncaught Exception Exception: "Operation was already executed" at /var/www/html/vendor/mikehaertl/php-pdftk/src/Command.php line 246 {"exception":"[object] (Exception(code: 0): Operation was already executed at /var/www/html/vendor/mikehaertl/php-pdftk/src/Command.php:246)"} []
[2023-12-19T13:14:01.570088+00:00] errors.ERROR: Uncaught Exception Exception: "Operation was already executed" at /var/www/html/vendor/mikehaertl/php-pdftk/src/Command.php line 246 {"exception":"[object] (Exception(code: 0): Operation was already executed at /var/www/html/vendor/mikehaertl/php-pdftk/src/Command.php:246)"} []
[2023-12-19T13:14:33.535829+00:00] errors.ERROR: Uncaught Exception Exception: "Operation was already executed" at /var/www/html/vendor/mikehaertl/php-pdftk/src/Command.php line 246 {"exception":"[object] (Exception(code: 0): Operation was already executed at /var/www/html/vendor/mikehaertl/php-pdftk/src/Command.php:246)"} []
[2023-12-19T13:14:33.535829+00:00] errors.ERROR: Uncaught Exception Exception: "Operation was already executed" at /var/www/html/vendor/mikehaertl/php-pdftk/src/Command.php line 246 {"exception":"[object] (Exception(code: 0): Operation was already executed at /var/www/html/vendor/mikehaertl/php-pdftk/src/Command.php:246)"} []
[2023-12-19T14:05:26.512817+00:00] errors.WARNING: E_WARNING: Undefined variable $pdf1 {"code":2,"message":"Undefined variable $pdf1","file":"/var/www/html/index.php","line":31} []
[2023-12-19T14:05:26.512817+00:00] errors.WARNING: E_WARNING: Undefined variable $pdf1 {"code":2,"message":"Undefined variable $pdf1","file":"/var/www/html/index.php","line":31} []
[2023-12-19T14:05:26.516930+00:00] errors.ERROR: Uncaught Exception Error: "Call to a member function fillForm() on null" at /var/www/html/index.php line 31 {"exception":"[object] (Error(code: 0): Call to a member function fillForm() on null at /var/www/html/index.php:31)"} []
[2023-12-19T14:05:26.516930+00:00] errors.ERROR: Uncaught Exception Error: "Call to a member function fillForm() on null" at /var/www/html/index.php line 31 {"exception":"[object] (Error(code: 0): Call to a member function fillForm() on null at /var/www/html/index.php:31)"} []
[2023-12-19T14:14:52.391485+00:00] errors.ERROR: Uncaught Exception Exception: "Operation was already executed" at /var/www/html/vendor/mikehaertl/php-pdftk/src/Command.php line 246 {"exception":"[object] (Exception(code: 0): Operation was already executed at /var/www/html/vendor/mikehaertl/php-pdftk/src/Command.php:246)"} []
[2023-12-19T14:14:52.391485+00:00] errors.ERROR: Uncaught Exception Exception: "Operation was already executed" at /var/www/html/vendor/mikehaertl/php-pdftk/src/Command.php line 246 {"exception":"[object] (Exception(code: 0): Operation was already executed at /var/www/html/vendor/mikehaertl/php-pdftk/src/Command.php:246)"} []
[2023-12-19T14:14:58.077786+00:00] errors.ERROR: Uncaught Exception Exception: "Operation was already executed" at /var/www/html/vendor/mikehaertl/php-pdftk/src/Command.php line 246 {"exception":"[object] (Exception(code: 0): Operation was already executed at /var/www/html/vendor/mikehaertl/php-pdftk/src/Command.php:246)"} []
[2023-12-19T14:14:58.077786+00:00] errors.ERROR: Uncaught Exception Exception: "Operation was already executed" at /var/www/html/vendor/mikehaertl/php-pdftk/src/Command.php line 246 {"exception":"[object] (Exception(code: 0): Operation was already executed at /var/www/html/vendor/mikehaertl/php-pdftk/src/Command.php:246)"} []
[2023-12-19T14:14:58.681052+00:00] errors.ERROR: Uncaught Exception Exception: "Operation was already executed" at /var/www/html/vendor/mikehaertl/php-pdftk/src/Command.php line 246 {"exception":"[object] (Exception(code: 0): Operation was already executed at /var/www/html/vendor/mikehaertl/php-pdftk/src/Command.php:246)"} []
[2023-12-19T14:14:58.681052+00:00] errors.ERROR: Uncaught Exception Exception: "Operation was already executed" at /var/www/html/vendor/mikehaertl/php-pdftk/src/Command.php line 246 {"exception":"[object] (Exception(code: 0): Operation was already executed at /var/www/html/vendor/mikehaertl/php-pdftk/src/Command.php:246)"} []
[2023-12-19T14:14:58.876970+00:00] errors.ERROR: Uncaught Exception Exception: "Operation was already executed" at /var/www/html/vendor/mikehaertl/php-pdftk/src/Command.php line 246 {"exception":"[object] (Exception(code: 0): Operation was already executed at /var/www/html/vendor/mikehaertl/php-pdftk/src/Command.php:246)"} []
[2023-12-19T14:14:58.876970+00:00] errors.ERROR: Uncaught Exception Exception: "Operation was already executed" at /var/www/html/vendor/mikehaertl/php-pdftk/src/Command.php line 246 {"exception":"[object] (Exception(code: 0): Operation was already executed at /var/www/html/vendor/mikehaertl/php-pdftk/src/Command.php:246)"} []
[2023-12-19T14:14:59.130676+00:00] errors.ERROR: Uncaught Exception Exception: "Operation was already executed" at /var/www/html/vendor/mikehaertl/php-pdftk/src/Command.php line 246 {"exception":"[object] (Exception(code: 0): Operation was already executed at /var/www/html/vendor/mikehaertl/php-pdftk/src/Command.php:246)"} []
[2023-12-19T14:14:59.130676+00:00] errors.ERROR: Uncaught Exception Exception: "Operation was already executed" at /var/www/html/vendor/mikehaertl/php-pdftk/src/Command.php line 246 {"exception":"[object] (Exception(code: 0): Operation was already executed at /var/www/html/vendor/mikehaertl/php-pdftk/src/Command.php:246)"} []
[2023-12-19T14:14:59.236234+00:00] errors.ERROR: Uncaught Exception Exception: "Operation was already executed" at /var/www/html/vendor/mikehaertl/php-pdftk/src/Command.php line 246 {"exception":"[object] (Exception(code: 0): Operation was already executed at /var/www/html/vendor/mikehaertl/php-pdftk/src/Command.php:246)"} []
[2023-12-19T14:14:59.236234+00:00] errors.ERROR: Uncaught Exception Exception: "Operation was already executed" at /var/www/html/vendor/mikehaertl/php-pdftk/src/Command.php line 246 {"exception":"[object] (Exception(code: 0): Operation was already executed at /var/www/html/vendor/mikehaertl/php-pdftk/src/Command.php:246)"} []
[2023-12-20T08:24:02.236140+00:00] errors.ERROR: Uncaught Exception Error: "Class "Application\Controller\Generate_pdf" not found" at /var/www/html/index.php line 30 {"exception":"[object] (Error(code: 0): Class \"Application\\Controller\\Generate_pdf\" not found at /var/www/html/index.php:30)"} []
[2023-12-20T08:24:02.236140+00:00] errors.ERROR: Uncaught Exception Error: "Class "Application\Controller\Generate_pdf" not found" at /var/www/html/index.php line 30 {"exception":"[object] (Error(code: 0): Class \"Application\\Controller\\Generate_pdf\" not found at /var/www/html/index.php:30)"} []
[2023-12-20T20:47:27.560746+00:00] errors.ERROR: Uncaught Exception Error: "Call to undefined method Application\Controller\GeneratePdf::entreprise()" at /var/www/html/index.php line 33 {"exception":"[object] (Error(code: 0): Call to undefined method Application\\Controller\\GeneratePdf::entreprise() at /var/www/html/index.php:33)"} []
[2023-12-20T20:47:27.560746+00:00] errors.ERROR: Uncaught Exception Error: "Call to undefined method Application\Controller\GeneratePdf::entreprise()" at /var/www/html/index.php line 33 {"exception":"[object] (Error(code: 0): Call to undefined method Application\\Controller\\GeneratePdf::entreprise() at /var/www/html/index.php:33)"} []
[2023-12-20T20:48:50.134176+00:00] errors.ERROR: Uncaught Exception Error: "Call to undefined method Application\Controller\GeneratePdf::entreprise()" at /var/www/html/index.php line 33 {"exception":"[object] (Error(code: 0): Call to undefined method Application\\Controller\\GeneratePdf::entreprise() at /var/www/html/index.php:33)"} []
[2023-12-20T20:48:50.134176+00:00] errors.ERROR: Uncaught Exception Error: "Call to undefined method Application\Controller\GeneratePdf::entreprise()" at /var/www/html/index.php line 33 {"exception":"[object] (Error(code: 0): Call to undefined method Application\\Controller\\GeneratePdf::entreprise() at /var/www/html/index.php:33)"} []
[2023-12-20T20:51:32.059896+00:00] errors.ERROR: Uncaught Exception Error: "Call to undefined method Application\Controller\GeneratePdf::entreprise()" at /var/www/html/index.php line 33 {"exception":"[object] (Error(code: 0): Call to undefined method Application\\Controller\\GeneratePdf::entreprise() at /var/www/html/index.php:33)"} []
[2023-12-20T20:51:32.059896+00:00] errors.ERROR: Uncaught Exception Error: "Call to undefined method Application\Controller\GeneratePdf::entreprise()" at /var/www/html/index.php line 33 {"exception":"[object] (Error(code: 0): Call to undefined method Application\\Controller\\GeneratePdf::entreprise() at /var/www/html/index.php:33)"} []
[2023-12-20T20:51:33.124843+00:00] errors.ERROR: Uncaught Exception Error: "Call to undefined method Application\Controller\GeneratePdf::entreprise()" at /var/www/html/index.php line 33 {"exception":"[object] (Error(code: 0): Call to undefined method Application\\Controller\\GeneratePdf::entreprise() at /var/www/html/index.php:33)"} []
[2023-12-20T20:51:33.124843+00:00] errors.ERROR: Uncaught Exception Error: "Call to undefined method Application\Controller\GeneratePdf::entreprise()" at /var/www/html/index.php line 33 {"exception":"[object] (Error(code: 0): Call to undefined method Application\\Controller\\GeneratePdf::entreprise() at /var/www/html/index.php:33)"} []
[2023-12-21T10:36:44.251800+00:00] errors.WARNING: E_WARNING: Array to string conversion {"code":2,"message":"Array to string conversion","file":"/var/www/html/index.php","line":35} []
[2023-12-21T10:36:44.251800+00:00] errors.WARNING: E_WARNING: Array to string conversion {"code":2,"message":"Array to string conversion","file":"/var/www/html/index.php","line":35} []
[2023-12-21T14:15:38.985799+00:00] errors.ERROR: Uncaught Exception Error: "Call to undefined function validate()" at /var/www/html/index.php line 48 {"exception":"[object] (Error(code: 0): Call to undefined function validate() at /var/www/html/index.php:48)"} []
[2023-12-21T14:15:38.985799+00:00] errors.ERROR: Uncaught Exception Error: "Call to undefined function validate()" at /var/www/html/index.php line 48 {"exception":"[object] (Error(code: 0): Call to undefined function validate() at /var/www/html/index.php:48)"} []
[2023-12-21T14:19:08.736421+00:00] errors.ERROR: Uncaught Exception Error: "Cannot use object of type stdClass as array" at /var/www/html/app/Controller/ValidatePdf.php line 10 {"exception":"[object] (Error(code: 0): Cannot use object of type stdClass as array at /var/www/html/app/Controller/ValidatePdf.php:10)"} []
[2023-12-21T14:19:08.736421+00:00] errors.ERROR: Uncaught Exception Error: "Cannot use object of type stdClass as array" at /var/www/html/app/Controller/ValidatePdf.php line 10 {"exception":"[object] (Error(code: 0): Cannot use object of type stdClass as array at /var/www/html/app/Controller/ValidatePdf.php:10)"} []
[2023-12-21T14:19:11.500969+00:00] errors.ERROR: Uncaught Exception Error: "Cannot use object of type stdClass as array" at /var/www/html/app/Controller/ValidatePdf.php line 10 {"exception":"[object] (Error(code: 0): Cannot use object of type stdClass as array at /var/www/html/app/Controller/ValidatePdf.php:10)"} []
[2023-12-21T14:19:11.500969+00:00] errors.ERROR: Uncaught Exception Error: "Cannot use object of type stdClass as array" at /var/www/html/app/Controller/ValidatePdf.php line 10 {"exception":"[object] (Error(code: 0): Cannot use object of type stdClass as array at /var/www/html/app/Controller/ValidatePdf.php:10)"} []
[2023-12-21T14:19:12.581869+00:00] errors.ERROR: Uncaught Exception Error: "Cannot use object of type stdClass as array" at /var/www/html/app/Controller/ValidatePdf.php line 10 {"exception":"[object] (Error(code: 0): Cannot use object of type stdClass as array at /var/www/html/app/Controller/ValidatePdf.php:10)"} []
[2023-12-21T14:19:12.581869+00:00] errors.ERROR: Uncaught Exception Error: "Cannot use object of type stdClass as array" at /var/www/html/app/Controller/ValidatePdf.php line 10 {"exception":"[object] (Error(code: 0): Cannot use object of type stdClass as array at /var/www/html/app/Controller/ValidatePdf.php:10)"} []
[2023-12-21T14:21:26.419919+00:00] errors.WARNING: E_WARNING: Undefined array key "mandatory" {"code":2,"message":"Undefined array key \"mandatory\"","file":"/var/www/html/app/Controller/ValidatePdf.php","line":11} []
[2023-12-21T14:21:26.419919+00:00] errors.WARNING: E_WARNING: Undefined array key "mandatory" {"code":2,"message":"Undefined array key \"mandatory\"","file":"/var/www/html/app/Controller/ValidatePdf.php","line":11} []
[2023-12-21T14:21:26.425816+00:00] errors.WARNING: E_WARNING: Undefined array key "mandatory" {"code":2,"message":"Undefined array key \"mandatory\"","file":"/var/www/html/app/Controller/ValidatePdf.php","line":12} []
[2023-12-21T14:21:26.425816+00:00] errors.WARNING: E_WARNING: Undefined array key "mandatory" {"code":2,"message":"Undefined array key \"mandatory\"","file":"/var/www/html/app/Controller/ValidatePdf.php","line":12} []
[2023-12-21T14:21:26.427335+00:00] errors.WARNING: E_WARNING: Undefined array key "type" {"code":2,"message":"Undefined array key \"type\"","file":"/var/www/html/app/Controller/ValidatePdf.php","line":28} []
[2023-12-21T14:21:26.427335+00:00] errors.WARNING: E_WARNING: Undefined array key "type" {"code":2,"message":"Undefined array key \"type\"","file":"/var/www/html/app/Controller/ValidatePdf.php","line":28} []
[2023-12-21T14:21:26.428794+00:00] errors.WARNING: E_WARNING: Undefined array key "" {"code":2,"message":"Undefined array key \"\"","file":"/var/www/html/app/Controller/ValidatePdf.php","line":28} []
[2023-12-21T14:21:26.428794+00:00] errors.WARNING: E_WARNING: Undefined array key "" {"code":2,"message":"Undefined array key \"\"","file":"/var/www/html/app/Controller/ValidatePdf.php","line":28} []
[2023-12-21T14:21:26.430940+00:00] errors.WARNING: E_WARNING: foreach() argument must be of type array|object, null given {"code":2,"message":"foreach() argument must be of type array|object, null given","file":"/var/www/html/app/Controller/ValidatePdf.php","line":28} []
[2023-12-21T14:21:26.430940+00:00] errors.WARNING: E_WARNING: foreach() argument must be of type array|object, null given {"code":2,"message":"foreach() argument must be of type array|object, null given","file":"/var/www/html/app/Controller/ValidatePdf.php","line":28} []
[2023-12-21T14:22:55.942970+00:00] errors.WARNING: E_WARNING: Undefined array key "type" {"code":2,"message":"Undefined array key \"type\"","file":"/var/www/html/app/Controller/ValidatePdf.php","line":28} []
[2023-12-21T14:22:55.942970+00:00] errors.WARNING: E_WARNING: Undefined array key "type" {"code":2,"message":"Undefined array key \"type\"","file":"/var/www/html/app/Controller/ValidatePdf.php","line":28} []
[2023-12-21T14:22:55.945610+00:00] errors.WARNING: E_WARNING: Undefined array key "" {"code":2,"message":"Undefined array key \"\"","file":"/var/www/html/app/Controller/ValidatePdf.php","line":28} []
[2023-12-21T14:22:55.945610+00:00] errors.WARNING: E_WARNING: Undefined array key "" {"code":2,"message":"Undefined array key \"\"","file":"/var/www/html/app/Controller/ValidatePdf.php","line":28} []
[2023-12-21T14:22:55.946281+00:00] errors.WARNING: E_WARNING: foreach() argument must be of type array|object, null given {"code":2,"message":"foreach() argument must be of type array|object, null given","file":"/var/www/html/app/Controller/ValidatePdf.php","line":28} []
[2023-12-21T14:22:55.946281+00:00] errors.WARNING: E_WARNING: foreach() argument must be of type array|object, null given {"code":2,"message":"foreach() argument must be of type array|object, null given","file":"/var/www/html/app/Controller/ValidatePdf.php","line":28} []
[2023-12-21T14:24:42.110830+00:00] errors.WARNING: E_WARNING: Undefined array key "" {"code":2,"message":"Undefined array key \"\"","file":"/var/www/html/app/Controller/ValidatePdf.php","line":28} []
[2023-12-21T14:24:42.110830+00:00] errors.WARNING: E_WARNING: Undefined array key "" {"code":2,"message":"Undefined array key \"\"","file":"/var/www/html/app/Controller/ValidatePdf.php","line":28} []
[2023-12-21T14:24:42.114686+00:00] errors.WARNING: E_WARNING: foreach() argument must be of type array|object, null given {"code":2,"message":"foreach() argument must be of type array|object, null given","file":"/var/www/html/app/Controller/ValidatePdf.php","line":28} []
[2023-12-21T14:24:42.114686+00:00] errors.WARNING: E_WARNING: foreach() argument must be of type array|object, null given {"code":2,"message":"foreach() argument must be of type array|object, null given","file":"/var/www/html/app/Controller/ValidatePdf.php","line":28} []
[2023-12-21T17:50:33.818492+00:00] errors.WARNING: E_WARNING: Undefined variable $pdfe {"code":2,"message":"Undefined variable $pdfe","file":"/var/www/html/index.php","line":21} []
[2023-12-21T17:50:33.818492+00:00] errors.WARNING: E_WARNING: Undefined variable $pdfe {"code":2,"message":"Undefined variable $pdfe","file":"/var/www/html/index.php","line":21} []
[2023-12-21T17:50:33.822099+00:00] errors.ERROR: Uncaught Exception Error: "Call to a member function getDataFields() on null" at /var/www/html/index.php line 21 {"exception":"[object] (Error(code: 0): Call to a member function getDataFields() on null at /var/www/html/index.php:21)"} []
[2023-12-21T17:50:33.822099+00:00] errors.ERROR: Uncaught Exception Error: "Call to a member function getDataFields() on null" at /var/www/html/index.php line 21 {"exception":"[object] (Error(code: 0): Call to a member function getDataFields() on null at /var/www/html/index.php:21)"} []
